{"/Users/vladyslavchudak/Projects/dataroom/src/components/shared/SearchBar.tsx": {"path":"/Users/vladyslavchudak/Projects/dataroom/src/components/shared/SearchBar.tsx","statementMap":{"0":{"start":{"line":16,"column":2},"end":{"line":35,"column":null}},"1":{"start":{"line":23,"column":25},"end":{"line":23,"column":null}},"2":{"start":{"line":29,"column":25},"end":{"line":29,"column":null}}},"fnMap":{"0":{"name":"SearchBar","decl":{"start":{"line":10,"column":16},"end":{"line":10,"column":26}},"loc":{"start":{"line":15,"column":19},"end":{"line":37,"column":null}},"line":15},"1":{"name":"(anonymous_1)","decl":{"start":{"line":23,"column":18},"end":{"line":23,"column":19}},"loc":{"start":{"line":23,"column":25},"end":{"line":23,"column":null}},"line":23},"2":{"name":"(anonymous_2)","decl":{"start":{"line":29,"column":19},"end":{"line":29,"column":25}},"loc":{"start":{"line":29,"column":25},"end":{"line":29,"column":null}},"line":29}},"branchMap":{"0":{"loc":{"start":{"line":13,"column":2},"end":{"line":13,"column":null}},"type":"default-arg","locations":[{"start":{"line":13,"column":16},"end":{"line":13,"column":null}}],"line":13},"1":{"loc":{"start":{"line":27,"column":7},"end":{"line":33,"column":null}},"type":"binary-expr","locations":[{"start":{"line":27,"column":7},"end":{"line":27,"column":null}},{"start":{"line":28,"column":8},"end":{"line":33,"column":null}}],"line":27}},"s":{"0":7,"1":10,"2":1},"f":{"0":7,"1":10,"2":1},"b":{"0":[7],"1":[7,3]},"meta":{"lastBranch":2,"lastFunction":3,"lastStatement":3,"seen":{"f:10:16:10:26":0,"b:13:16:13:Infinity":0,"s:16:2:35:Infinity":0,"f:23:18:23:19":1,"s:23:25:23:Infinity":1,"b:27:7:27:Infinity:28:8:33:Infinity":1,"f:29:19:29:25":2,"s:29:25:29:Infinity":2}}}
,"/Users/vladyslavchudak/Projects/dataroom/src/components/ui/button.tsx": {"path":"/Users/vladyslavchudak/Projects/dataroom/src/components/ui/button.tsx","statementMap":{"0":{"start":{"line":7,"column":6},"end":{"line":35,"column":null}},"1":{"start":{"line":47,"column":15},"end":{"line":47,"column":null}},"2":{"start":{"line":49,"column":2},"end":{"line":56,"column":null}}},"fnMap":{"0":{"name":"Button","decl":{"start":{"line":37,"column":9},"end":{"line":37,"column":16}},"loc":{"start":{"line":46,"column":5},"end":{"line":58,"column":null}},"line":46}},"branchMap":{"0":{"loc":{"start":{"line":39,"column":2},"end":{"line":39,"column":null}},"type":"default-arg","locations":[{"start":{"line":39,"column":12},"end":{"line":39,"column":null}}],"line":39},"1":{"loc":{"start":{"line":40,"column":2},"end":{"line":40,"column":null}},"type":"default-arg","locations":[{"start":{"line":40,"column":9},"end":{"line":40,"column":null}}],"line":40},"2":{"loc":{"start":{"line":41,"column":2},"end":{"line":41,"column":null}},"type":"default-arg","locations":[{"start":{"line":41,"column":12},"end":{"line":41,"column":null}}],"line":41},"3":{"loc":{"start":{"line":47,"column":15},"end":{"line":47,"column":null}},"type":"cond-expr","locations":[{"start":{"line":47,"column":25},"end":{"line":47,"column":32}},{"start":{"line":47,"column":32},"end":{"line":47,"column":null}}],"line":47}},"s":{"0":1,"1":3,"2":3},"f":{"0":3},"b":{"0":[3],"1":[3],"2":[3],"3":[0,3]},"meta":{"lastBranch":4,"lastFunction":1,"lastStatement":3,"seen":{"s:7:6:35:Infinity":0,"f:37:9:37:16":0,"b:39:12:39:Infinity":0,"b:40:9:40:Infinity":1,"b:41:12:41:Infinity":2,"s:47:15:47:Infinity":1,"b:47:25:47:32:47:32:47:Infinity":3,"s:49:2:56:Infinity":2}}}
,"/Users/vladyslavchudak/Projects/dataroom/src/features/datarooms/components/NewDataroomButton.tsx": {"path":"/Users/vladyslavchudak/Projects/dataroom/src/features/datarooms/components/NewDataroomButton.tsx","statementMap":{"0":{"start":{"line":9,"column":2},"end":{"line":18,"column":null}}},"fnMap":{"0":{"name":"NewDataroomButton","decl":{"start":{"line":8,"column":16},"end":{"line":8,"column":34}},"loc":{"start":{"line":8,"column":71},"end":{"line":20,"column":null}},"line":8}},"branchMap":{},"s":{"0":3},"f":{"0":3},"b":{},"meta":{"lastBranch":0,"lastFunction":1,"lastStatement":1,"seen":{"f:8:16:8:34":0,"s:9:2:18:Infinity":0}}}
,"/Users/vladyslavchudak/Projects/dataroom/src/lib/format.ts": {"path":"/Users/vladyslavchudak/Projects/dataroom/src/lib/format.ts","statementMap":{"0":{"start":{"line":6,"column":2},"end":{"line":8,"column":null}},"1":{"start":{"line":7,"column":4},"end":{"line":7,"column":null}},"2":{"start":{"line":10,"column":18},"end":{"line":10,"column":null}},"3":{"start":{"line":11,"column":19},"end":{"line":11,"column":null}},"4":{"start":{"line":13,"column":2},"end":{"line":20,"column":null}},"5":{"start":{"line":15,"column":18},"end":{"line":15,"column":null}},"6":{"start":{"line":16,"column":4},"end":{"line":18,"column":null}},"7":{"start":{"line":17,"column":6},"end":{"line":17,"column":null}},"8":{"start":{"line":19,"column":4},"end":{"line":19,"column":null}},"9":{"start":{"line":22,"column":28},"end":{"line":22,"column":null}},"10":{"start":{"line":23,"column":16},"end":{"line":23,"column":null}},"11":{"start":{"line":25,"column":2},"end":{"line":27,"column":null}},"12":{"start":{"line":26,"column":4},"end":{"line":26,"column":null}},"13":{"start":{"line":29,"column":2},"end":{"line":29,"column":null}},"14":{"start":{"line":36,"column":2},"end":{"line":38,"column":null}},"15":{"start":{"line":37,"column":4},"end":{"line":37,"column":null}},"16":{"start":{"line":40,"column":2},"end":{"line":42,"column":null}},"17":{"start":{"line":41,"column":4},"end":{"line":41,"column":null}},"18":{"start":{"line":45,"column":23},"end":{"line":45,"column":null}},"19":{"start":{"line":46,"column":2},"end":{"line":48,"column":null}},"20":{"start":{"line":47,"column":4},"end":{"line":47,"column":null}},"21":{"start":{"line":50,"column":2},"end":{"line":50,"column":null}},"22":{"start":{"line":57,"column":2},"end":{"line":57,"column":null}},"23":{"start":{"line":57,"column":19},"end":{"line":57,"column":null}},"24":{"start":{"line":58,"column":12},"end":{"line":58,"column":null}},"25":{"start":{"line":59,"column":16},"end":{"line":59,"column":null}},"26":{"start":{"line":60,"column":12},"end":{"line":60,"column":null}},"27":{"start":{"line":61,"column":2},"end":{"line":61,"column":null}},"28":{"start":{"line":68,"column":14},"end":{"line":68,"column":null}},"29":{"start":{"line":69,"column":17},"end":{"line":69,"column":null}},"30":{"start":{"line":70,"column":19},"end":{"line":70,"column":null}},"31":{"start":{"line":71,"column":20},"end":{"line":71,"column":null}},"32":{"start":{"line":72,"column":19},"end":{"line":72,"column":null}},"33":{"start":{"line":74,"column":2},"end":{"line":74,"column":null}},"34":{"start":{"line":74,"column":20},"end":{"line":74,"column":null}},"35":{"start":{"line":75,"column":2},"end":{"line":75,"column":null}},"36":{"start":{"line":75,"column":21},"end":{"line":75,"column":null}},"37":{"start":{"line":76,"column":2},"end":{"line":76,"column":null}},"38":{"start":{"line":76,"column":22},"end":{"line":76,"column":null}},"39":{"start":{"line":77,"column":2},"end":{"line":77,"column":null}},"40":{"start":{"line":77,"column":22},"end":{"line":77,"column":null}},"41":{"start":{"line":78,"column":2},"end":{"line":78,"column":null}},"42":{"start":{"line":78,"column":22},"end":{"line":78,"column":null}},"43":{"start":{"line":79,"column":2},"end":{"line":79,"column":null}},"44":{"start":{"line":79,"column":20},"end":{"line":79,"column":null}},"45":{"start":{"line":81,"column":2},"end":{"line":85,"column":null}}},"fnMap":{"0":{"name":"generateUniqueFileName","decl":{"start":{"line":5,"column":16},"end":{"line":5,"column":39}},"loc":{"start":{"line":5,"column":86},"end":{"line":30,"column":null}},"line":5},"1":{"name":"validateFileName","decl":{"start":{"line":35,"column":16},"end":{"line":35,"column":33}},"loc":{"start":{"line":35,"column":83},"end":{"line":51,"column":null}},"line":35},"2":{"name":"formatBytes","decl":{"start":{"line":56,"column":16},"end":{"line":56,"column":28}},"loc":{"start":{"line":56,"column":51},"end":{"line":62,"column":null}},"line":56},"3":{"name":"formatDate","decl":{"start":{"line":67,"column":16},"end":{"line":67,"column":27}},"loc":{"start":{"line":67,"column":47},"end":{"line":86,"column":null}},"line":67}},"branchMap":{"0":{"loc":{"start":{"line":6,"column":2},"end":{"line":8,"column":null}},"type":"if","locations":[{"start":{"line":6,"column":2},"end":{"line":8,"column":null}},{"start":{},"end":{}}],"line":6},"1":{"loc":{"start":{"line":13,"column":2},"end":{"line":20,"column":null}},"type":"if","locations":[{"start":{"line":13,"column":2},"end":{"line":20,"column":null}},{"start":{},"end":{}}],"line":13},"2":{"loc":{"start":{"line":36,"column":2},"end":{"line":38,"column":null}},"type":"if","locations":[{"start":{"line":36,"column":2},"end":{"line":38,"column":null}},{"start":{},"end":{}}],"line":36},"3":{"loc":{"start":{"line":36,"column":6},"end":{"line":36,"column":41}},"type":"binary-expr","locations":[{"start":{"line":36,"column":6},"end":{"line":36,"column":15}},{"start":{"line":36,"column":15},"end":{"line":36,"column":41}}],"line":36},"4":{"loc":{"start":{"line":40,"column":2},"end":{"line":42,"column":null}},"type":"if","locations":[{"start":{"line":40,"column":2},"end":{"line":42,"column":null}},{"start":{},"end":{}}],"line":40},"5":{"loc":{"start":{"line":46,"column":2},"end":{"line":48,"column":null}},"type":"if","locations":[{"start":{"line":46,"column":2},"end":{"line":48,"column":null}},{"start":{},"end":{}}],"line":46},"6":{"loc":{"start":{"line":57,"column":2},"end":{"line":57,"column":null}},"type":"if","locations":[{"start":{"line":57,"column":2},"end":{"line":57,"column":null}},{"start":{},"end":{}}],"line":57},"7":{"loc":{"start":{"line":74,"column":2},"end":{"line":74,"column":null}},"type":"if","locations":[{"start":{"line":74,"column":2},"end":{"line":74,"column":null}},{"start":{},"end":{}}],"line":74},"8":{"loc":{"start":{"line":75,"column":2},"end":{"line":75,"column":null}},"type":"if","locations":[{"start":{"line":75,"column":2},"end":{"line":75,"column":null}},{"start":{},"end":{}}],"line":75},"9":{"loc":{"start":{"line":75,"column":43},"end":{"line":75,"column":80}},"type":"cond-expr","locations":[{"start":{"line":75,"column":60},"end":{"line":75,"column":71}},{"start":{"line":75,"column":71},"end":{"line":75,"column":80}}],"line":75},"10":{"loc":{"start":{"line":76,"column":2},"end":{"line":76,"column":null}},"type":"if","locations":[{"start":{"line":76,"column":2},"end":{"line":76,"column":null}},{"start":{},"end":{}}],"line":76},"11":{"loc":{"start":{"line":76,"column":45},"end":{"line":76,"column":79}},"type":"cond-expr","locations":[{"start":{"line":76,"column":63},"end":{"line":76,"column":72}},{"start":{"line":76,"column":72},"end":{"line":76,"column":79}}],"line":76},"12":{"loc":{"start":{"line":77,"column":2},"end":{"line":77,"column":null}},"type":"if","locations":[{"start":{"line":77,"column":2},"end":{"line":77,"column":null}},{"start":{},"end":{}}],"line":77},"13":{"loc":{"start":{"line":78,"column":2},"end":{"line":78,"column":null}},"type":"if","locations":[{"start":{"line":78,"column":2},"end":{"line":78,"column":null}},{"start":{},"end":{}}],"line":78},"14":{"loc":{"start":{"line":79,"column":2},"end":{"line":79,"column":null}},"type":"if","locations":[{"start":{"line":79,"column":2},"end":{"line":79,"column":null}},{"start":{},"end":{}}],"line":79},"15":{"loc":{"start":{"line":84,"column":10},"end":{"line":84,"column":null}},"type":"cond-expr","locations":[{"start":{"line":84,"column":53},"end":{"line":84,"column":65}},{"start":{"line":84,"column":65},"end":{"line":84,"column":null}}],"line":84}},"s":{"0":22,"1":5,"2":17,"3":17,"4":17,"5":2,"6":2,"7":0,"8":2,"9":15,"10":15,"11":15,"12":106,"13":15,"14":43,"15":4,"16":39,"17":1,"18":38,"19":38,"20":11,"21":27,"22":21,"23":2,"24":19,"25":19,"26":19,"27":19,"28":10,"29":10,"30":10,"31":10,"32":10,"33":10,"34":1,"35":9,"36":9,"37":7,"38":7,"39":4,"40":0,"41":4,"42":1,"43":3,"44":3,"45":2},"f":{"0":22,"1":43,"2":21,"3":10},"b":{"0":[5,17],"1":[2,15],"2":[4,39],"3":[43,42],"4":[1,38],"5":[11,27],"6":[2,19],"7":[1,9],"8":[2,7],"9":[1,1],"10":[3,4],"11":[1,2],"12":[0,4],"13":[1,3],"14":[1,2],"15":[1,1]},"meta":{"lastBranch":16,"lastFunction":4,"lastStatement":46,"seen":{"f:5:16:5:39":0,"b:6:2:8:Infinity:undefined:undefined:undefined:undefined":0,"s:6:2:8:Infinity":0,"s:7:4:7:Infinity":1,"s:10:18:10:Infinity":2,"s:11:19:11:Infinity":3,"b:13:2:20:Infinity:undefined:undefined:undefined:undefined":1,"s:13:2:20:Infinity":4,"s:15:18:15:Infinity":5,"s:16:4:18:Infinity":6,"s:17:6:17:Infinity":7,"s:19:4:19:Infinity":8,"s:22:28:22:Infinity":9,"s:23:16:23:Infinity":10,"s:25:2:27:Infinity":11,"s:26:4:26:Infinity":12,"s:29:2:29:Infinity":13,"f:35:16:35:33":1,"b:36:2:38:Infinity:undefined:undefined:undefined:undefined":2,"s:36:2:38:Infinity":14,"b:36:6:36:15:36:15:36:41":3,"s:37:4:37:Infinity":15,"b:40:2:42:Infinity:undefined:undefined:undefined:undefined":4,"s:40:2:42:Infinity":16,"s:41:4:41:Infinity":17,"s:45:23:45:Infinity":18,"b:46:2:48:Infinity:undefined:undefined:undefined:undefined":5,"s:46:2:48:Infinity":19,"s:47:4:47:Infinity":20,"s:50:2:50:Infinity":21,"f:56:16:56:28":2,"b:57:2:57:Infinity:undefined:undefined:undefined:undefined":6,"s:57:2:57:Infinity":22,"s:57:19:57:Infinity":23,"s:58:12:58:Infinity":24,"s:59:16:59:Infinity":25,"s:60:12:60:Infinity":26,"s:61:2:61:Infinity":27,"f:67:16:67:27":3,"s:68:14:68:Infinity":28,"s:69:17:69:Infinity":29,"s:70:19:70:Infinity":30,"s:71:20:71:Infinity":31,"s:72:19:72:Infinity":32,"b:74:2:74:Infinity:undefined:undefined:undefined:undefined":7,"s:74:2:74:Infinity":33,"s:74:20:74:Infinity":34,"b:75:2:75:Infinity:undefined:undefined:undefined:undefined":8,"s:75:2:75:Infinity":35,"s:75:21:75:Infinity":36,"b:75:60:75:71:75:71:75:80":9,"b:76:2:76:Infinity:undefined:undefined:undefined:undefined":10,"s:76:2:76:Infinity":37,"s:76:22:76:Infinity":38,"b:76:63:76:72:76:72:76:79":11,"b:77:2:77:Infinity:undefined:undefined:undefined:undefined":12,"s:77:2:77:Infinity":39,"s:77:22:77:Infinity":40,"b:78:2:78:Infinity:undefined:undefined:undefined:undefined":13,"s:78:2:78:Infinity":41,"s:78:22:78:Infinity":42,"b:79:2:79:Infinity:undefined:undefined:undefined:undefined":14,"s:79:2:79:Infinity":43,"s:79:20:79:Infinity":44,"s:81:2:85:Infinity":45,"b:84:53:84:65:84:65:84:Infinity":15}}}
,"/Users/vladyslavchudak/Projects/dataroom/src/lib/utils.ts": {"path":"/Users/vladyslavchudak/Projects/dataroom/src/lib/utils.ts","statementMap":{"0":{"start":{"line":5,"column":2},"end":{"line":5,"column":null}}},"fnMap":{"0":{"name":"cn","decl":{"start":{"line":4,"column":16},"end":{"line":4,"column":22}},"loc":{"start":{"line":4,"column":44},"end":{"line":6,"column":null}},"line":4}},"branchMap":{},"s":{"0":3},"f":{"0":3},"b":{},"meta":{"lastBranch":0,"lastFunction":1,"lastStatement":1,"seen":{"f:4:16:4:22":0,"s:5:2:5:Infinity":0}}}
,"/Users/vladyslavchudak/Projects/dataroom/src/lib/validators.ts": {"path":"/Users/vladyslavchudak/Projects/dataroom/src/lib/validators.ts","statementMap":{"0":{"start":{"line":3,"column":30},"end":{"line":13,"column":null}},"1":{"start":{"line":6,"column":24},"end":{"line":6,"column":34}},"2":{"start":{"line":15,"column":28},"end":{"line":25,"column":null}},"3":{"start":{"line":18,"column":24},"end":{"line":18,"column":34}},"4":{"start":{"line":27,"column":26},"end":{"line":37,"column":null}},"5":{"start":{"line":30,"column":24},"end":{"line":30,"column":34}}},"fnMap":{"0":{"name":"(anonymous_0)","decl":{"start":{"line":6,"column":15},"end":{"line":6,"column":16}},"loc":{"start":{"line":6,"column":24},"end":{"line":6,"column":34}},"line":6},"1":{"name":"(anonymous_1)","decl":{"start":{"line":18,"column":15},"end":{"line":18,"column":16}},"loc":{"start":{"line":18,"column":24},"end":{"line":18,"column":34}},"line":18},"2":{"name":"(anonymous_2)","decl":{"start":{"line":30,"column":15},"end":{"line":30,"column":16}},"loc":{"start":{"line":30,"column":24},"end":{"line":30,"column":34}},"line":30}},"branchMap":{},"s":{"0":1,"1":8,"2":1,"3":7,"4":1,"5":7},"f":{"0":8,"1":7,"2":7},"b":{},"meta":{"lastBranch":0,"lastFunction":3,"lastStatement":6,"seen":{"s:3:30:13:Infinity":0,"f:6:15:6:16":0,"s:6:24:6:34":1,"s:15:28:25:Infinity":2,"f:18:15:18:16":1,"s:18:24:18:34":3,"s:27:26:37:Infinity":4,"f:30:15:30:16":2,"s:30:24:30:34":5}}}
,"/Users/vladyslavchudak/Projects/dataroom/src/repo/indexedDbRepo.ts": {"path":"/Users/vladyslavchudak/Projects/dataroom/src/repo/indexedDbRepo.ts","statementMap":{"0":{"start":{"line":10,"column":4},"end":{"line":10,"column":null}},"1":{"start":{"line":14,"column":4},"end":{"line":14,"column":null}},"2":{"start":{"line":18,"column":30},"end":{"line":18,"column":null}},"3":{"start":{"line":20,"column":4},"end":{"line":22,"column":null}},"4":{"start":{"line":20,"column":38},"end":{"line":20,"column":53}},"5":{"start":{"line":21,"column":6},"end":{"line":21,"column":null}},"6":{"start":{"line":24,"column":10},"end":{"line":24,"column":null}},"7":{"start":{"line":25,"column":10},"end":{"line":25,"column":null}},"8":{"start":{"line":26,"column":16},"end":{"line":26,"column":null}},"9":{"start":{"line":28,"column":31},"end":{"line":33,"column":null}},"10":{"start":{"line":35,"column":31},"end":{"line":42,"column":null}},"11":{"start":{"line":44,"column":4},"end":{"line":47,"column":null}},"12":{"start":{"line":45,"column":6},"end":{"line":45,"column":null}},"13":{"start":{"line":46,"column":6},"end":{"line":46,"column":null}},"14":{"start":{"line":49,"column":4},"end":{"line":49,"column":null}},"15":{"start":{"line":53,"column":4},"end":{"line":57,"column":null}},"16":{"start":{"line":54,"column":6},"end":{"line":54,"column":null}},"17":{"start":{"line":55,"column":6},"end":{"line":55,"column":null}},"18":{"start":{"line":56,"column":6},"end":{"line":56,"column":null}},"19":{"start":{"line":62,"column":20},"end":{"line":65,"column":null}},"20":{"start":{"line":67,"column":18},"end":{"line":70,"column":null}},"21":{"start":{"line":73,"column":4},"end":{"line":73,"column":null}},"22":{"start":{"line":73,"column":27},"end":{"line":73,"column":55}},"23":{"start":{"line":74,"column":4},"end":{"line":74,"column":null}},"24":{"start":{"line":74,"column":25},"end":{"line":74,"column":53}},"25":{"start":{"line":76,"column":4},"end":{"line":76,"column":null}},"26":{"start":{"line":80,"column":4},"end":{"line":80,"column":null}},"27":{"start":{"line":84,"column":27},"end":{"line":84,"column":null}},"28":{"start":{"line":85,"column":35},"end":{"line":85,"column":null}},"29":{"start":{"line":87,"column":4},"end":{"line":92,"column":null}},"30":{"start":{"line":88,"column":41},"end":{"line":88,"column":null}},"31":{"start":{"line":89,"column":6},"end":{"line":89,"column":null}},"32":{"start":{"line":89,"column":19},"end":{"line":89,"column":null}},"33":{"start":{"line":90,"column":6},"end":{"line":90,"column":null}},"34":{"start":{"line":91,"column":6},"end":{"line":91,"column":null}},"35":{"start":{"line":94,"column":4},"end":{"line":94,"column":null}},"36":{"start":{"line":103,"column":28},"end":{"line":106,"column":null}},"37":{"start":{"line":108,"column":26},"end":{"line":108,"column":null}},"38":{"start":{"line":108,"column":53},"end":{"line":108,"column":59}},"39":{"start":{"line":109,"column":4},"end":{"line":111,"column":null}},"40":{"start":{"line":110,"column":6},"end":{"line":110,"column":null}},"41":{"start":{"line":113,"column":16},"end":{"line":113,"column":null}},"42":{"start":{"line":114,"column":27},"end":{"line":121,"column":null}},"43":{"start":{"line":123,"column":4},"end":{"line":123,"column":null}},"44":{"start":{"line":124,"column":4},"end":{"line":124,"column":null}},"45":{"start":{"line":128,"column":19},"end":{"line":128,"column":null}},"46":{"start":{"line":129,"column":4},"end":{"line":129,"column":null}},"47":{"start":{"line":129,"column":17},"end":{"line":129,"column":null}},"48":{"start":{"line":132,"column":21},"end":{"line":135,"column":null}},"49":{"start":{"line":137,"column":26},"end":{"line":137,"column":null}},"50":{"start":{"line":137,"column":49},"end":{"line":137,"column":71}},"51":{"start":{"line":137,"column":84},"end":{"line":137,"column":90}},"52":{"start":{"line":138,"column":4},"end":{"line":140,"column":null}},"53":{"start":{"line":139,"column":6},"end":{"line":139,"column":null}},"54":{"start":{"line":142,"column":4},"end":{"line":145,"column":null}},"55":{"start":{"line":150,"column":26},"end":{"line":150,"column":null}},"56":{"start":{"line":151,"column":4},"end":{"line":151,"column":null}},"57":{"start":{"line":153,"column":4},"end":{"line":160,"column":null}},"58":{"start":{"line":155,"column":6},"end":{"line":157,"column":null}},"59":{"start":{"line":156,"column":8},"end":{"line":156,"column":null}},"60":{"start":{"line":159,"column":6},"end":{"line":159,"column":null}},"61":{"start":{"line":164,"column":21},"end":{"line":164,"column":null}},"62":{"start":{"line":165,"column":29},"end":{"line":165,"column":null}},"63":{"start":{"line":167,"column":4},"end":{"line":171,"column":null}},"64":{"start":{"line":168,"column":6},"end":{"line":168,"column":null}},"65":{"start":{"line":169,"column":26},"end":{"line":169,"column":null}},"66":{"start":{"line":170,"column":6},"end":{"line":170,"column":null}},"67":{"start":{"line":173,"column":4},"end":{"line":173,"column":null}},"68":{"start":{"line":177,"column":26},"end":{"line":177,"column":null}},"69":{"start":{"line":179,"column":20},"end":{"line":179,"column":null}},"70":{"start":{"line":180,"column":16},"end":{"line":180,"column":null}},"71":{"start":{"line":183,"column":24},"end":{"line":183,"column":null}},"72":{"start":{"line":184,"column":4},"end":{"line":184,"column":null}},"73":{"start":{"line":187,"column":4},"end":{"line":190,"column":null}},"74":{"start":{"line":188,"column":20},"end":{"line":188,"column":null}},"75":{"start":{"line":189,"column":6},"end":{"line":189,"column":null}},"76":{"start":{"line":192,"column":4},"end":{"line":192,"column":null}},"77":{"start":{"line":201,"column":26},"end":{"line":204,"column":null}},"78":{"start":{"line":206,"column":26},"end":{"line":206,"column":null}},"79":{"start":{"line":206,"column":51},"end":{"line":206,"column":57}},"80":{"start":{"line":207,"column":10},"end":{"line":207,"column":null}},"81":{"start":{"line":209,"column":16},"end":{"line":209,"column":null}},"82":{"start":{"line":210,"column":39},"end":{"line":220,"column":null}},"83":{"start":{"line":222,"column":4},"end":{"line":222,"column":null}},"84":{"start":{"line":226,"column":34},"end":{"line":226,"column":null}},"85":{"start":{"line":227,"column":4},"end":{"line":227,"column":null}},"86":{"start":{"line":231,"column":17},"end":{"line":231,"column":null}},"87":{"start":{"line":232,"column":4},"end":{"line":232,"column":null}},"88":{"start":{"line":232,"column":15},"end":{"line":232,"column":null}},"89":{"start":{"line":234,"column":34},"end":{"line":234,"column":null}},"90":{"start":{"line":235,"column":4},"end":{"line":235,"column":null}},"91":{"start":{"line":239,"column":17},"end":{"line":239,"column":null}},"92":{"start":{"line":240,"column":4},"end":{"line":240,"column":null}},"93":{"start":{"line":240,"column":15},"end":{"line":240,"column":null}},"94":{"start":{"line":241,"column":4},"end":{"line":241,"column":null}},"95":{"start":{"line":245,"column":17},"end":{"line":245,"column":null}},"96":{"start":{"line":246,"column":4},"end":{"line":246,"column":null}},"97":{"start":{"line":246,"column":15},"end":{"line":246,"column":null}},"98":{"start":{"line":249,"column":21},"end":{"line":252,"column":null}},"99":{"start":{"line":254,"column":26},"end":{"line":254,"column":null}},"100":{"start":{"line":254,"column":49},"end":{"line":254,"column":69}},"101":{"start":{"line":254,"column":82},"end":{"line":254,"column":88}},"102":{"start":{"line":255,"column":4},"end":{"line":257,"column":null}},"103":{"start":{"line":256,"column":6},"end":{"line":256,"column":null}},"104":{"start":{"line":259,"column":4},"end":{"line":262,"column":null}},"105":{"start":{"line":266,"column":4},"end":{"line":266,"column":null}},"106":{"start":{"line":271,"column":4},"end":{"line":273,"column":null}},"107":{"start":{"line":272,"column":6},"end":{"line":272,"column":null}},"108":{"start":{"line":275,"column":23},"end":{"line":275,"column":null}},"109":{"start":{"line":278,"column":23},"end":{"line":278,"column":null}},"110":{"start":{"line":279,"column":28},"end":{"line":281,"column":null}},"111":{"start":{"line":280,"column":6},"end":{"line":280,"column":null}},"112":{"start":{"line":284,"column":21},"end":{"line":284,"column":null}},"113":{"start":{"line":285,"column":26},"end":{"line":285,"column":null}},"114":{"start":{"line":285,"column":52},"end":{"line":285,"column":96}},"115":{"start":{"line":288,"column":4},"end":{"line":288,"column":null}},"116":{"start":{"line":288,"column":35},"end":{"line":288,"column":63}},"117":{"start":{"line":289,"column":4},"end":{"line":289,"column":null}},"118":{"start":{"line":289,"column":33},"end":{"line":289,"column":61}},"119":{"start":{"line":292,"column":26},"end":{"line":292,"column":null}},"120":{"start":{"line":292,"column":65},"end":{"line":292,"column":73}},"121":{"start":{"line":294,"column":4},"end":{"line":297,"column":null}},"122":{"start":{"line":301,"column":26},"end":{"line":301,"column":null}}},"fnMap":{"0":{"name":"(anonymous_0)","decl":{"start":{"line":9,"column":8},"end":{"line":9,"column":45}},"loc":{"start":{"line":9,"column":45},"end":{"line":11,"column":null}},"line":9},"1":{"name":"(anonymous_1)","decl":{"start":{"line":13,"column":8},"end":{"line":13,"column":24}},"loc":{"start":{"line":13,"column":67},"end":{"line":15,"column":null}},"line":13},"2":{"name":"(anonymous_2)","decl":{"start":{"line":17,"column":8},"end":{"line":17,"column":23}},"loc":{"start":{"line":17,"column":56},"end":{"line":50,"column":null}},"line":17},"3":{"name":"(anonymous_3)","decl":{"start":{"line":20,"column":31},"end":{"line":20,"column":32}},"loc":{"start":{"line":20,"column":38},"end":{"line":20,"column":53}},"line":20},"4":{"name":"(anonymous_4)","decl":{"start":{"line":44,"column":57},"end":{"line":44,"column":69}},"loc":{"start":{"line":44,"column":69},"end":{"line":47,"column":5}},"line":44},"5":{"name":"(anonymous_5)","decl":{"start":{"line":52,"column":8},"end":{"line":52,"column":23}},"loc":{"start":{"line":52,"column":50},"end":{"line":58,"column":null}},"line":52},"6":{"name":"(anonymous_6)","decl":{"start":{"line":53,"column":67},"end":{"line":53,"column":79}},"loc":{"start":{"line":53,"column":79},"end":{"line":57,"column":5}},"line":53},"7":{"name":"(anonymous_7)","decl":{"start":{"line":61,"column":8},"end":{"line":61,"column":26}},"loc":{"start":{"line":61,"column":99},"end":{"line":77,"column":null}},"line":61},"8":{"name":"(anonymous_8)","decl":{"start":{"line":73,"column":17},"end":{"line":73,"column":18}},"loc":{"start":{"line":73,"column":27},"end":{"line":73,"column":55}},"line":73},"9":{"name":"(anonymous_9)","decl":{"start":{"line":74,"column":15},"end":{"line":74,"column":16}},"loc":{"start":{"line":74,"column":25},"end":{"line":74,"column":53}},"line":74},"10":{"name":"(anonymous_10)","decl":{"start":{"line":79,"column":8},"end":{"line":79,"column":18}},"loc":{"start":{"line":79,"column":65},"end":{"line":81,"column":null}},"line":79},"11":{"name":"(anonymous_11)","decl":{"start":{"line":83,"column":8},"end":{"line":83,"column":22}},"loc":{"start":{"line":83,"column":59},"end":{"line":95,"column":null}},"line":83},"12":{"name":"(anonymous_12)","decl":{"start":{"line":97,"column":8},"end":{"line":97,"column":21}},"loc":{"start":{"line":101,"column":22},"end":{"line":125,"column":null}},"line":101},"13":{"name":"(anonymous_13)","decl":{"start":{"line":108,"column":46},"end":{"line":108,"column":47}},"loc":{"start":{"line":108,"column":53},"end":{"line":108,"column":59}},"line":108},"14":{"name":"(anonymous_14)","decl":{"start":{"line":127,"column":8},"end":{"line":127,"column":21}},"loc":{"start":{"line":127,"column":78},"end":{"line":146,"column":null}},"line":127},"15":{"name":"(anonymous_15)","decl":{"start":{"line":137,"column":42},"end":{"line":137,"column":43}},"loc":{"start":{"line":137,"column":49},"end":{"line":137,"column":71}},"line":137},"16":{"name":"(anonymous_16)","decl":{"start":{"line":137,"column":77},"end":{"line":137,"column":78}},"loc":{"start":{"line":137,"column":84},"end":{"line":137,"column":90}},"line":137},"17":{"name":"(anonymous_17)","decl":{"start":{"line":148,"column":8},"end":{"line":148,"column":28}},"loc":{"start":{"line":148,"column":71},"end":{"line":161,"column":null}},"line":148},"18":{"name":"(anonymous_18)","decl":{"start":{"line":153,"column":53},"end":{"line":153,"column":65}},"loc":{"start":{"line":153,"column":65},"end":{"line":160,"column":5}},"line":153},"19":{"name":"(anonymous_19)","decl":{"start":{"line":163,"column":16},"end":{"line":163,"column":42}},"loc":{"start":{"line":163,"column":79},"end":{"line":174,"column":null}},"line":163},"20":{"name":"(anonymous_20)","decl":{"start":{"line":176,"column":8},"end":{"line":176,"column":28}},"loc":{"start":{"line":176,"column":91},"end":{"line":193,"column":null}},"line":176},"21":{"name":"(anonymous_21)","decl":{"start":{"line":196,"column":8},"end":{"line":196,"column":19}},"loc":{"start":{"line":200,"column":28},"end":{"line":228,"column":null}},"line":200},"22":{"name":"(anonymous_22)","decl":{"start":{"line":206,"column":44},"end":{"line":206,"column":45}},"loc":{"start":{"line":206,"column":51},"end":{"line":206,"column":57}},"line":206},"23":{"name":"(anonymous_23)","decl":{"start":{"line":230,"column":8},"end":{"line":230,"column":16}},"loc":{"start":{"line":230,"column":67},"end":{"line":236,"column":null}},"line":230},"24":{"name":"(anonymous_24)","decl":{"start":{"line":238,"column":8},"end":{"line":238,"column":20}},"loc":{"start":{"line":238,"column":51},"end":{"line":242,"column":null}},"line":238},"25":{"name":"(anonymous_25)","decl":{"start":{"line":244,"column":8},"end":{"line":244,"column":19}},"loc":{"start":{"line":244,"column":74},"end":{"line":263,"column":null}},"line":244},"26":{"name":"(anonymous_26)","decl":{"start":{"line":254,"column":42},"end":{"line":254,"column":43}},"loc":{"start":{"line":254,"column":49},"end":{"line":254,"column":69}},"line":254},"27":{"name":"(anonymous_27)","decl":{"start":{"line":254,"column":75},"end":{"line":254,"column":76}},"loc":{"start":{"line":254,"column":82},"end":{"line":254,"column":88}},"line":254},"28":{"name":"(anonymous_28)","decl":{"start":{"line":265,"column":8},"end":{"line":265,"column":19}},"loc":{"start":{"line":265,"column":60},"end":{"line":267,"column":null}},"line":265},"29":{"name":"(anonymous_29)","decl":{"start":{"line":270,"column":8},"end":{"line":270,"column":27}},"loc":{"start":{"line":270,"column":67},"end":{"line":298,"column":null}},"line":270},"30":{"name":"(anonymous_30)","decl":{"start":{"line":279,"column":46},"end":{"line":279,"column":47}},"loc":{"start":{"line":280,"column":6},"end":{"line":280,"column":null}},"line":280},"31":{"name":"(anonymous_31)","decl":{"start":{"line":285,"column":42},"end":{"line":285,"column":43}},"loc":{"start":{"line":285,"column":52},"end":{"line":285,"column":96}},"line":285},"32":{"name":"(anonymous_32)","decl":{"start":{"line":288,"column":25},"end":{"line":288,"column":26}},"loc":{"start":{"line":288,"column":35},"end":{"line":288,"column":63}},"line":288},"33":{"name":"(anonymous_33)","decl":{"start":{"line":289,"column":23},"end":{"line":289,"column":24}},"loc":{"start":{"line":289,"column":33},"end":{"line":289,"column":61}},"line":289},"34":{"name":"(anonymous_34)","decl":{"start":{"line":292,"column":44},"end":{"line":292,"column":45}},"loc":{"start":{"line":292,"column":65},"end":{"line":292,"column":73}},"line":292}},"branchMap":{"0":{"loc":{"start":{"line":20,"column":4},"end":{"line":22,"column":null}},"type":"if","locations":[{"start":{"line":20,"column":4},"end":{"line":22,"column":null}},{"start":{},"end":{}}],"line":20},"1":{"loc":{"start":{"line":89,"column":6},"end":{"line":89,"column":null}},"type":"if","locations":[{"start":{"line":89,"column":6},"end":{"line":89,"column":null}},{"start":{},"end":{}}],"line":89},"2":{"loc":{"start":{"line":109,"column":4},"end":{"line":111,"column":null}},"type":"if","locations":[{"start":{"line":109,"column":4},"end":{"line":111,"column":null}},{"start":{},"end":{}}],"line":109},"3":{"loc":{"start":{"line":129,"column":4},"end":{"line":129,"column":null}},"type":"if","locations":[{"start":{"line":129,"column":4},"end":{"line":129,"column":null}},{"start":{},"end":{}}],"line":129},"4":{"loc":{"start":{"line":134,"column":34},"end":{"line":134,"column":55}},"type":"binary-expr","locations":[{"start":{"line":134,"column":34},"end":{"line":134,"column":53}},{"start":{"line":134,"column":53},"end":{"line":134,"column":55}}],"line":134},"5":{"loc":{"start":{"line":138,"column":4},"end":{"line":140,"column":null}},"type":"if","locations":[{"start":{"line":138,"column":4},"end":{"line":140,"column":null}},{"start":{},"end":{}}],"line":138},"6":{"loc":{"start":{"line":232,"column":4},"end":{"line":232,"column":null}},"type":"if","locations":[{"start":{"line":232,"column":4},"end":{"line":232,"column":null}},{"start":{},"end":{}}],"line":232},"7":{"loc":{"start":{"line":240,"column":4},"end":{"line":240,"column":null}},"type":"if","locations":[{"start":{"line":240,"column":4},"end":{"line":240,"column":null}},{"start":{},"end":{}}],"line":240},"8":{"loc":{"start":{"line":246,"column":4},"end":{"line":246,"column":null}},"type":"if","locations":[{"start":{"line":246,"column":4},"end":{"line":246,"column":null}},{"start":{},"end":{}}],"line":246},"9":{"loc":{"start":{"line":255,"column":4},"end":{"line":257,"column":null}},"type":"if","locations":[{"start":{"line":255,"column":4},"end":{"line":257,"column":null}},{"start":{},"end":{}}],"line":255},"10":{"loc":{"start":{"line":271,"column":4},"end":{"line":273,"column":null}},"type":"if","locations":[{"start":{"line":271,"column":4},"end":{"line":273,"column":null}},{"start":{},"end":{}}],"line":271}},"s":{"0":3,"1":2,"2":2,"3":2,"4":1,"5":1,"6":1,"7":1,"8":1,"9":1,"10":1,"11":1,"12":0,"13":0,"14":1,"15":0,"16":0,"17":0,"18":0,"19":2,"20":2,"21":2,"22":2,"23":2,"24":0,"25":2,"26":0,"27":2,"28":2,"29":2,"30":3,"31":3,"32":0,"33":3,"34":3,"35":2,"36":2,"37":2,"38":1,"39":2,"40":1,"41":1,"42":1,"43":1,"44":1,"45":0,"46":0,"47":0,"48":0,"49":0,"50":0,"51":0,"52":0,"53":0,"54":0,"55":0,"56":0,"57":0,"58":0,"59":0,"60":0,"61":0,"62":0,"63":0,"64":0,"65":0,"66":0,"67":0,"68":0,"69":0,"70":0,"71":0,"72":0,"73":0,"74":0,"75":0,"76":0,"77":0,"78":0,"79":0,"80":0,"81":0,"82":0,"83":0,"84":0,"85":0,"86":0,"87":0,"88":0,"89":0,"90":0,"91":0,"92":0,"93":0,"94":0,"95":0,"96":0,"97":0,"98":0,"99":0,"100":0,"101":0,"102":0,"103":0,"104":0,"105":0,"106":0,"107":0,"108":0,"109":0,"110":0,"111":0,"112":0,"113":0,"114":0,"115":0,"116":0,"117":0,"118":0,"119":0,"120":0,"121":0,"122":1},"f":{"0":3,"1":2,"2":2,"3":1,"4":0,"5":0,"6":0,"7":2,"8":2,"9":0,"10":0,"11":2,"12":2,"13":1,"14":0,"15":0,"16":0,"17":0,"18":0,"19":0,"20":0,"21":0,"22":0,"23":0,"24":0,"25":0,"26":0,"27":0,"28":0,"29":0,"30":0,"31":0,"32":0,"33":0,"34":0},"b":{"0":[1,1],"1":[0,3],"2":[1,1],"3":[0,0],"4":[0,0],"5":[0,0],"6":[0,0],"7":[0,0],"8":[0,0],"9":[0,0],"10":[0,0]},"meta":{"lastBranch":11,"lastFunction":35,"lastStatement":123,"seen":{"f:9:8:9:45":0,"s:10:4:10:Infinity":0,"f:13:8:13:24":1,"s:14:4:14:Infinity":1,"f:17:8:17:23":2,"s:18:30:18:Infinity":2,"b:20:4:22:Infinity:undefined:undefined:undefined:undefined":0,"s:20:4:22:Infinity":3,"f:20:31:20:32":3,"s:20:38:20:53":4,"s:21:6:21:Infinity":5,"s:24:10:24:Infinity":6,"s:25:10:25:Infinity":7,"s:26:16:26:Infinity":8,"s:28:31:33:Infinity":9,"s:35:31:42:Infinity":10,"s:44:4:47:Infinity":11,"f:44:57:44:69":4,"s:45:6:45:Infinity":12,"s:46:6:46:Infinity":13,"s:49:4:49:Infinity":14,"f:52:8:52:23":5,"s:53:4:57:Infinity":15,"f:53:67:53:79":6,"s:54:6:54:Infinity":16,"s:55:6:55:Infinity":17,"s:56:6:56:Infinity":18,"f:61:8:61:26":7,"s:62:20:65:Infinity":19,"s:67:18:70:Infinity":20,"s:73:4:73:Infinity":21,"f:73:17:73:18":8,"s:73:27:73:55":22,"s:74:4:74:Infinity":23,"f:74:15:74:16":9,"s:74:25:74:53":24,"s:76:4:76:Infinity":25,"f:79:8:79:18":10,"s:80:4:80:Infinity":26,"f:83:8:83:22":11,"s:84:27:84:Infinity":27,"s:85:35:85:Infinity":28,"s:87:4:92:Infinity":29,"s:88:41:88:Infinity":30,"b:89:6:89:Infinity:undefined:undefined:undefined:undefined":1,"s:89:6:89:Infinity":31,"s:89:19:89:Infinity":32,"s:90:6:90:Infinity":33,"s:91:6:91:Infinity":34,"s:94:4:94:Infinity":35,"f:97:8:97:21":12,"s:103:28:106:Infinity":36,"s:108:26:108:Infinity":37,"f:108:46:108:47":13,"s:108:53:108:59":38,"b:109:4:111:Infinity:undefined:undefined:undefined:undefined":2,"s:109:4:111:Infinity":39,"s:110:6:110:Infinity":40,"s:113:16:113:Infinity":41,"s:114:27:121:Infinity":42,"s:123:4:123:Infinity":43,"s:124:4:124:Infinity":44,"f:127:8:127:21":14,"s:128:19:128:Infinity":45,"b:129:4:129:Infinity:undefined:undefined:undefined:undefined":3,"s:129:4:129:Infinity":46,"s:129:17:129:Infinity":47,"s:132:21:135:Infinity":48,"b:134:34:134:53:134:53:134:55":4,"s:137:26:137:Infinity":49,"f:137:42:137:43":15,"s:137:49:137:71":50,"f:137:77:137:78":16,"s:137:84:137:90":51,"b:138:4:140:Infinity:undefined:undefined:undefined:undefined":5,"s:138:4:140:Infinity":52,"s:139:6:139:Infinity":53,"s:142:4:145:Infinity":54,"f:148:8:148:28":17,"s:150:26:150:Infinity":55,"s:151:4:151:Infinity":56,"s:153:4:160:Infinity":57,"f:153:53:153:65":18,"s:155:6:157:Infinity":58,"s:156:8:156:Infinity":59,"s:159:6:159:Infinity":60,"f:163:16:163:42":19,"s:164:21:164:Infinity":61,"s:165:29:165:Infinity":62,"s:167:4:171:Infinity":63,"s:168:6:168:Infinity":64,"s:169:26:169:Infinity":65,"s:170:6:170:Infinity":66,"s:173:4:173:Infinity":67,"f:176:8:176:28":20,"s:177:26:177:Infinity":68,"s:179:20:179:Infinity":69,"s:180:16:180:Infinity":70,"s:183:24:183:Infinity":71,"s:184:4:184:Infinity":72,"s:187:4:190:Infinity":73,"s:188:20:188:Infinity":74,"s:189:6:189:Infinity":75,"s:192:4:192:Infinity":76,"f:196:8:196:19":21,"s:201:26:204:Infinity":77,"s:206:26:206:Infinity":78,"f:206:44:206:45":22,"s:206:51:206:57":79,"s:207:10:207:Infinity":80,"s:209:16:209:Infinity":81,"s:210:39:220:Infinity":82,"s:222:4:222:Infinity":83,"s:226:34:226:Infinity":84,"s:227:4:227:Infinity":85,"f:230:8:230:16":23,"s:231:17:231:Infinity":86,"b:232:4:232:Infinity:undefined:undefined:undefined:undefined":6,"s:232:4:232:Infinity":87,"s:232:15:232:Infinity":88,"s:234:34:234:Infinity":89,"s:235:4:235:Infinity":90,"f:238:8:238:20":24,"s:239:17:239:Infinity":91,"b:240:4:240:Infinity:undefined:undefined:undefined:undefined":7,"s:240:4:240:Infinity":92,"s:240:15:240:Infinity":93,"s:241:4:241:Infinity":94,"f:244:8:244:19":25,"s:245:17:245:Infinity":95,"b:246:4:246:Infinity:undefined:undefined:undefined:undefined":8,"s:246:4:246:Infinity":96,"s:246:15:246:Infinity":97,"s:249:21:252:Infinity":98,"s:254:26:254:Infinity":99,"f:254:42:254:43":26,"s:254:49:254:69":100,"f:254:75:254:76":27,"s:254:82:254:88":101,"b:255:4:257:Infinity:undefined:undefined:undefined:undefined":9,"s:255:4:257:Infinity":102,"s:256:6:256:Infinity":103,"s:259:4:262:Infinity":104,"f:265:8:265:19":28,"s:266:4:266:Infinity":105,"f:270:8:270:27":29,"b:271:4:273:Infinity:undefined:undefined:undefined:undefined":10,"s:271:4:273:Infinity":106,"s:272:6:272:Infinity":107,"s:275:23:275:Infinity":108,"s:278:23:278:Infinity":109,"s:279:28:281:Infinity":110,"f:279:46:279:47":30,"s:280:6:280:Infinity":111,"s:284:21:284:Infinity":112,"s:285:26:285:Infinity":113,"f:285:42:285:43":31,"s:285:52:285:96":114,"s:288:4:288:Infinity":115,"f:288:25:288:26":32,"s:288:35:288:63":116,"s:289:4:289:Infinity":117,"f:289:23:289:24":33,"s:289:33:289:61":118,"s:292:26:292:Infinity":119,"f:292:44:292:45":34,"s:292:65:292:73":120,"s:294:4:297:Infinity":121,"s:301:26:301:Infinity":122}}}
}
